
> frontend@0.0.0 build
> ng build

[33mΓ¥»[39m Building...
[32mΓ£ö[39m Building...
Application bundle generation failed. [1.777 seconds] - 2026-02-24T07:56:40.926Z

node.exe : 
[1m[33m[33mΓû▓ [43;33m[
[43;30mWARNING[43;33m][0
m [1mNG8113: RouterLink 
is not used within the 
template of 
ExamTakerComponent[0m 
[1m[35m[plugin 
angular-compiler][0m
At line:1 char:1
+ & "C:\Program 
Files\nodejs/node.exe" "C:\
Users\mayur\AppData\Roaming
\ ...
+ ~~~~~~~~~~~~~~~~~~~~~~~~~
~~~~~~~~~~~~~~~~~~~~~~~~~~~
~~~~~~~~~~~~~~~~~
    + CategoryInfo         
     : NotSpecified: ([1  
  m[33m[33mΓ...r-compi   
 ler][0m:String) [], R    
emoteException
    + FullyQualifiedErrorI 
   d : NativeCommandError
 

    src/app/components/exam
-taker/exam-taker.component
.ts:11:41:
[37m      11 Γöé     
imports: [CommonModule, 
FormsModule, 
[32mRouterLink[37m],
         Γò╡               
                           
[32m~~~~~~~~~~[0m

[39m[22m
[1m[31m[31mX [41;31m[[
41;97mERROR[41;31m][0m 
[1mNG5002: Unexpected 
closing tag "button". It 
may happen when the tag 
has already been closed by 
another tag. For more info 
see https://www.w3.org/TR/h
tml5/syntax.html#closing-el
ements-that-have-implied-en
d-tags[0m 
[1m[35m[plugin 
angular-compiler][0m

    src/app/components/exam
-taker/exam-taker.component
.html:69:8:
[37m      69 Γöé         
[32m</button>[37m
         Γò╡         
[32m~~~~~~~~~[0m

  Error occurs in the 
template of component 
ExamTakerComponent.

    src/app/components/exam
-taker/exam-taker.component
.ts:12:17:
[37m      12 Γöé     
templateUrl: [32m'./exam-t
aker.component.html'[37m,
         Γò╡               
   [32m~~~~~~~~~~~~~~~~~~~
~~~~~~~~~~[0m

[39m[22m
